#
# There is insufficient memory for the Java Runtime Environment to continue.
# Native memory allocation (malloc) failed to allocate 32744 bytes for ChunkPool::allocate
# Possible reasons:
#   The system is out of physical RAM or swap space
#   In 32 bit mode, the process size limit was hit
# Possible solutions:
#   Reduce memory load on the system
#   Increase physical memory or swap space
#   Check if swap backing store is full
#   Use 64 bit Java on a 64 bit OS
#   Decrease Java heap size (-Xmx/-Xms)
#   Decrease number of Java threads
#   Decrease Java thread stack sizes (-Xss)
#   Set larger code cache with -XX:ReservedCodeCacheSize=
# This output file may be truncated or incomplete.
#
#  Out of Memory Error (allocation.cpp:273), pid=18572, tid=0x0000000000005b24
#
# JRE version: Java(TM) SE Runtime Environment (8.0_191-b12) (build 1.8.0_191-b12)
# Java VM: Java HotSpot(TM) 64-Bit Server VM (25.191-b12 mixed mode windows-amd64 compressed oops)
# Failed to write core dump. Minidumps are not enabled by default on client versions of Windows
#

---------------  T H R E A D  ---------------

Current thread (0x000000001acb4000):  JavaThread "C2 CompilerThread0" daemon [_thread_in_vm, id=23332, stack(0x000000001b290000,0x000000001b390000)]

Stack: [0x000000001b290000,0x000000001b390000]
[error occurred during error reporting (printing stack bounds), id 0xc0000005]

Native frames: (J=compiled Java code, j=interpreted, Vv=VM code, C=native code)


---------------  P R O C E S S  ---------------

Java Threads: ( => current thread )
=>0x000000001acb4000 JavaThread "C2 CompilerThread0" daemon [_thread_in_vm, id=23332, stack(0x000000001b290000,0x000000001b390000)]
  0x0000000019580000 JavaThread "JDWP Command Reader" daemon [_thread_in_native, id=17444, stack(0x000000001b190000,0x000000001b290000)]
  0x000000001957c000 JavaThread "JDWP Event Helper Thread" daemon [_thread_blocked, id=22776, stack(0x000000001b090000,0x000000001b190000)]
  0x000000001956c800 JavaThread "JDWP Transport Listener: dt_socket" daemon [_thread_blocked, id=6612, stack(0x000000001af90000,0x000000001b090000)]
  0x0000000019566000 JavaThread "Attach Listener" daemon [_thread_blocked, id=18484, stack(0x000000001ae90000,0x000000001af90000)]
  0x000000001a9d3800 JavaThread "Signal Dispatcher" daemon [_thread_blocked, id=22176, stack(0x000000001ad90000,0x000000001ae90000)]
  0x00000000049e9000 JavaThread "Finalizer" daemon [_thread_blocked, id=25492, stack(0x000000001a790000,0x000000001a890000)]
  0x00000000049e6000 JavaThread "Reference Handler" daemon [_thread_blocked, id=16140, stack(0x000000001a690000,0x000000001a790000)]
  0x00000000048f5000 JavaThread "main" [_thread_in_vm, id=16556, stack(0x00000000046f0000,0x00000000047f0000)]

Other Threads:
  0x0000000019507800 VMThread [stack: 0x000000001a590000,0x000000001a690000] [id=17584]

VM state:not at safepoint (normal execution)

VM Mutex/Monitor currently owned by a thread:  ([mutex/lock_event])
[0x00000000048f3190] CompileThread_lock - owner thread: 0x000000001acb4000

Heap:
 PSYoungGen      total 38400K, used 4699K [0x00000000d5d80000, 0x00000000d8800000, 0x0000000100000000)
  eden space 33280K, 14% used [0x00000000d5d80000,0x00000000d6216c50,0x00000000d7e00000)
  from space 5120K, 0% used [0x00000000d8300000,0x00000000d8300000,0x00000000d8800000)
  to   space 5120K, 0% used [0x00000000d7e00000,0x00000000d7e00000,0x00000000d8300000)
 ParOldGen       total 87552K, used 0K [0x0000000081800000, 0x0000000086d80000, 0x00000000d5d80000)
  object space 87552K, 0% used [0x0000000081800000,0x0000000081800000,0x0000000086d80000)
 Metaspace       used 3121K, capacity 4568K, committed 4864K, reserved 1056768K
  class space    used 333K, capacity 392K, committed 512K, reserved 1048576K

Card table byte_map: [0x0000000013db0000,0x00000000141b0000] byte_map_base: 0x00000000139a4000

Marking Bits: (ParMarkBitMap*) 0x000000005fc93e30
 Begin Bits: [0x0000000014860000, 0x0000000016800000)
 End Bits:   [0x0000000016800000, 0x00000000187a0000)

Polling page: 0x0000000002910000

CodeCache: size=245760Kb used=443Kb max_used=443Kb free=245316Kb
 bounds [0x00000000049f0000, 0x0000000004c60000, 0x00000000139f0000]
 total_blobs=179 nmethods=0 adapters=153
 compilation: enabled

Compilation events (0 events):
No events

GC Heap History (0 events):
No events

Deoptimization events (0 events):
No events

Classes redefined (0 events):
No events

Internal exceptions (6 events):
Event: 0.076 Thread 0x00000000048f5000 Exception <a 'java/lang/NoSuchMethodError': Method sun.misc.Unsafe.defineClass(Ljava/lang/String;[BII)Ljava/lang/Class; name or signature does not match> (0x00000000d5d87cb0) thrown at [C:\re\workspace\8-2-build-windows-amd64-cygwin\jdk8u191\11896\hotspot
Event: 0.076 Thread 0x00000000048f5000 Exception <a 'java/lang/NoSuchMethodError': Method sun.misc.Unsafe.prefetchRead(Ljava/lang/Object;J)V name or signature does not match> (0x00000000d5d87f98) thrown at [C:\re\workspace\8-2-build-windows-amd64-cygwin\jdk8u191\11896\hotspot\src\share\vm\prim
Event: 0.607 Thread 0x00000000048f5000 Exception <a 'java/security/PrivilegedActionException'> (0x00000000d606e6a8) thrown at [C:\re\workspace\8-2-build-windows-amd64-cygwin\jdk8u191\11896\hotspot\src\share\vm\prims\jvm.cpp, line 1435]
Event: 0.607 Thread 0x00000000048f5000 Exception <a 'java/security/PrivilegedActionException'> (0x00000000d606e8b8) thrown at [C:\re\workspace\8-2-build-windows-amd64-cygwin\jdk8u191\11896\hotspot\src\share\vm\prims\jvm.cpp, line 1435]
Event: 0.614 Thread 0x00000000048f5000 Exception <a 'java/security/PrivilegedActionException'> (0x00000000d608ac18) thrown at [C:\re\workspace\8-2-build-windows-amd64-cygwin\jdk8u191\11896\hotspot\src\share\vm\prims\jvm.cpp, line 1435]
Event: 0.614 Thread 0x00000000048f5000 Exception <a 'java/security/PrivilegedActionException'> (0x00000000d608ae28) thrown at [C:\re\workspace\8-2-build-windows-amd64-cygwin\jdk8u191\11896\hotspot\src\share\vm\prims\jvm.cpp, line 1435]

Events (10 events):
Event: 0.712 loading class com/intellij/rt/debugger/agent/CaptureAgent$FieldKeyProvider done
Event: 0.725 loading class com/intellij/rt/debugger/agent/CaptureAgent$CaptureTransformer
Event: 0.725 loading class com/intellij/rt/debugger/agent/CaptureAgent$CaptureTransformer done
Event: 0.730 loading class org/jetbrains/capture/org/objectweb/asm/ClassVisitor
Event: 0.730 loading class org/jetbrains/capture/org/objectweb/asm/ClassVisitor done
Event: 0.733 loading class org/jetbrains/capture/org/objectweb/asm/ClassWriter
Event: 0.733 loading class org/jetbrains/capture/org/objectweb/asm/ClassWriter done
Event: 0.737 loading class com/intellij/rt/debugger/agent/CaptureAgent$CaptureInstrumentor
Event: 0.737 loading class com/intellij/rt/debugger/agent/CaptureAgent$CaptureInstrumentor done
Event: 0.745 Thread 0x000000001acb4000 Thread added: 0x000000001acb4000


Dynamic libraries:
0x00007ff66cce0000 - 0x00007ff66cd17000 	D:\Program Files\java\bin\java.exe
0x00007ffcb4ea0000 - 0x00007ffcb5080000 	C:\WINDOWS\SYSTEM32\ntdll.dll
0x00007ffcb4450000 - 0x00007ffcb44fe000 	C:\WINDOWS\System32\KERNEL32.DLL
0x00007ffcb1500000 - 0x00007ffcb1766000 	C:\WINDOWS\System32\KERNELBASE.dll
0x00007ffcb4dc0000 - 0x00007ffcb4e61000 	C:\WINDOWS\System32\ADVAPI32.dll
0x00007ffcb2b00000 - 0x00007ffcb2b9d000 	C:\WINDOWS\System32\msvcrt.dll
0x00007ffcb2820000 - 0x00007ffcb287b000 	C:\WINDOWS\System32\sechost.dll
0x00007ffcb4aa0000 - 0x00007ffcb4bbf000 	C:\WINDOWS\System32\RPCRT4.dll
0x00007ffcb4500000 - 0x00007ffcb468f000 	C:\WINDOWS\System32\USER32.dll
0x00007ffcb12a0000 - 0x00007ffcb12c0000 	C:\WINDOWS\System32\win32u.dll
0x00007ffcb48f0000 - 0x00007ffcb4918000 	C:\WINDOWS\System32\GDI32.dll
0x00007ffcb1360000 - 0x00007ffcb14f3000 	C:\WINDOWS\System32\gdi32full.dll
0x00007ffcb12c0000 - 0x00007ffcb135b000 	C:\WINDOWS\System32\msvcp_win.dll
0x00007ffcb1ec0000 - 0x00007ffcb1fb5000 	C:\WINDOWS\System32\ucrtbase.dll
0x00007ffc9b3a0000 - 0x00007ffc9b609000 	C:\WINDOWS\WinSxS\amd64_microsoft.windows.common-controls_6595b64144ccf1df_6.0.16299.726_none_15ccdb369361144a\COMCTL32.dll
0x00007ffcb3fe0000 - 0x00007ffcb42e7000 	C:\WINDOWS\System32\combase.dll
0x00007ffcb2010000 - 0x00007ffcb2082000 	C:\WINDOWS\System32\bcryptPrimitives.dll
0x00007ffcb48c0000 - 0x00007ffcb48ed000 	C:\WINDOWS\System32\IMM32.DLL
0x00000000606b0000 - 0x0000000060782000 	D:\Program Files\java\jre\bin\msvcr100.dll
0x000000005f470000 - 0x000000005fd14000 	D:\Program Files\java\jre\bin\server\jvm.dll
0x00007ffcb4920000 - 0x00007ffcb4928000 	C:\WINDOWS\System32\PSAPI.DLL
0x00007ffcadd90000 - 0x00007ffcadd99000 	C:\WINDOWS\SYSTEM32\WSOCK32.dll
0x00007ffcb47c0000 - 0x00007ffcb482c000 	C:\WINDOWS\System32\WS2_32.dll
0x00007ffca3ee0000 - 0x00007ffca3eea000 	C:\WINDOWS\SYSTEM32\VERSION.dll
0x00007ffcaedc0000 - 0x00007ffcaede3000 	C:\WINDOWS\SYSTEM32\WINMM.dll
0x00007ffcaed90000 - 0x00007ffcaedba000 	C:\WINDOWS\SYSTEM32\WINMMBASE.dll
0x00007ffcb1fc0000 - 0x00007ffcb200a000 	C:\WINDOWS\System32\cfgmgr32.dll
0x00000000606a0000 - 0x00000000606af000 	D:\Program Files\java\jre\bin\verify.dll
0x0000000060670000 - 0x0000000060699000 	D:\Program Files\java\jre\bin\java.dll
0x000000005f390000 - 0x000000005f3c5000 	D:\Program Files\java\jre\bin\jdwp.dll
0x000000005f380000 - 0x000000005f388000 	D:\Program Files\java\jre\bin\npt.dll
0x000000005f440000 - 0x000000005f463000 	D:\Program Files\java\jre\bin\instrument.dll
0x0000000060650000 - 0x0000000060666000 	D:\Program Files\java\jre\bin\zip.dll
0x00007ffcb2ba0000 - 0x00007ffcb3fd8000 	C:\WINDOWS\System32\SHELL32.dll
0x00007ffcb4390000 - 0x00007ffcb4436000 	C:\WINDOWS\System32\shcore.dll
0x00007ffcb1770000 - 0x00007ffcb1eb7000 	C:\WINDOWS\System32\windows.storage.dll
0x00007ffcb4bc0000 - 0x00007ffcb4c11000 	C:\WINDOWS\System32\shlwapi.dll
0x00007ffcb1210000 - 0x00007ffcb1221000 	C:\WINDOWS\System32\kernel.appcore.dll
0x00007ffcb1250000 - 0x00007ffcb129c000 	C:\WINDOWS\System32\powrprof.dll
0x00007ffcb11f0000 - 0x00007ffcb120b000 	C:\WINDOWS\System32\profapi.dll
0x000000005f370000 - 0x000000005f379000 	D:\Program Files\java\jre\bin\dt_socket.dll
0x00007ffcb0a20000 - 0x00007ffcb0a86000 	C:\WINDOWS\system32\mswsock.dll

VM Arguments:
jvm_args: -agentlib:jdwp=transport=dt_socket,address=127.0.0.1:55854,suspend=y,server=n -javaagent:C:\Users\74599\.IntelliJIdea2018.2\system\captureAgent\debugger-agent.jar=file:/C:/Users/74599/AppData/Local/Temp/capture.props -Dfile.encoding=UTF-8 
java_command: com.example.WebService.test.WebServiceTest
java_class_path (initial): D:\Program Files\java\jre\lib\charsets.jar;D:\Program Files\java\jre\lib\deploy.jar;D:\Program Files\java\jre\lib\ext\access-bridge-64.jar;D:\Program Files\java\jre\lib\ext\cldrdata.jar;D:\Program Files\java\jre\lib\ext\dnsns.jar;D:\Program Files\java\jre\lib\ext\jaccess.jar;D:\Program Files\java\jre\lib\ext\jfxrt.jar;D:\Program Files\java\jre\lib\ext\localedata.jar;D:\Program Files\java\jre\lib\ext\nashorn.jar;D:\Program Files\java\jre\lib\ext\sunec.jar;D:\Program Files\java\jre\lib\ext\sunjce_provider.jar;D:\Program Files\java\jre\lib\ext\sunmscapi.jar;D:\Program Files\java\jre\lib\ext\sunpkcs11.jar;D:\Program Files\java\jre\lib\ext\zipfs.jar;D:\Program Files\java\jre\lib\javaws.jar;D:\Program Files\java\jre\lib\jce.jar;D:\Program Files\java\jre\lib\jfr.jar;D:\Program Files\java\jre\lib\jfxswt.jar;D:\Program Files\java\jre\lib\jsse.jar;D:\Program Files\java\jre\lib\management-agent.jar;D:\Program Files\java\jre\lib\plugin.jar;D:\Program Files\java\jre\lib\resources.jar;D:\Program Files\java\jre\lib\rt.jar;D:\IDEA Project\WebService\target\classes;C:\Users\74599\.m2\repository\org\springframework\boot\spring-boot-starter-web\2.1.0.RELEASE\spring-boot-starter-web-2.1.0.RELEASE.jar;C:\Users\74599\.m2\repository\org\springframework\boot\spring-boot-starter\2.1.0.RELEASE\spring-boot-starter-2.1.0.RELEASE.jar;C:\Users\74599\.m2\repository\org\springframework\boot\spring-boot\2.1.0.RELEASE\spring-boot-2.1.0.RELEASE.jar;C:\Users\74599\.m2\repository\org\springframework\boot\spring-boot-autoconfigure\2.1.0.RELEASE\spring-boot-autoconfigure-2.1.0.RELEASE.jar;C:\Users\74599\.m2\repository\org\springframework\boot\spring-boot-starter-logging\2.1.0.RELEASE\spring-boot-starter-logging-2.1.0.RELEASE.jar;C:\Users\74599\.m2\repository\ch\qos\logback\logback-classic\1.2.3\logback-classic-1.2.3.jar;C:\Users\74599\.m2\repository\ch\qos\logback\logback-core\1.2.3\logback-core-1.2.3.jar;C:\Users\74599\.m2\repository\org\apache\logging\log4j\log4j-to-slf4j\2
Launcher Type: SUN_STANDARD

Environment Variables:
JAVA_HOME=D:\Program Files\java
PATH=C:\app\74599\product\11.2.0\dbhome_2\bin;D:\app\74599\virtual\product\12.2.0\dbhome_1\bin;C:\Program Files (x86)\Common Files\Oracle\Java\javapath;C:\WINDOWS\system32;C:\WINDOWS;C:\WINDOWS\System32\Wbem;C:\WINDOWS\System32\WindowsPowerShell\v1.0\;D:\Program Files\Git\cmd;C:\Program Files (x86)\Microsoft SQL Server\100\Tools\Binn\;C:\Program Files\Microsoft SQL Server\100\Tools\Binn\;C:\Program Files\Microsoft SQL Server\100\DTS\Binn\;D:\Program Files\java\bin;D:\Program Files\java\jre\bin;C:\Users\74599\AppData\Local\Microsoft\WindowsApps;C:\Users\74599\AppData\Local\atom\bin;D:\Program Files\Git\cmd\git.exe;
USERNAME=74599
OS=Windows_NT
PROCESSOR_IDENTIFIER=Intel64 Family 6 Model 61 Stepping 4, GenuineIntel



---------------  S Y S T E M  ---------------

OS: Windows 10.0 , 64 bit Build 16299 (10.0.16299.431)

CPU:total 4 (initial active 4) (2 cores per cpu, 2 threads per core) family 6 model 61 stepping 4, cmov, cx8, fxsr, mmx, sse, sse2, sse3, ssse3, sse4.1, sse4.2, popcnt, avx, avx2, aes, clmul, erms, 3dnowpref, lzcnt, ht, tsc, tscinvbit, bmi1, bmi2, adx

Memory: 4k page, physical 8288672k(2049904k free), swap 8288672k(2328k free)

vm_info: Java HotSpot(TM) 64-Bit Server VM (25.191-b12) for windows-amd64 JRE (1.8.0_191-b12), built on Oct  6 2018 09:29:03 by "java_re" with MS VC++ 10.0 (VS2010)

time: Wed Nov 07 09:03:07 2018
elapsed time: 0 seconds (0d 0h 0m 0s)

