#
# There is insufficient memory for the Java Runtime Environment to continue.
# Native memory allocation (malloc) failed to allocate 1048576 bytes for AllocateHeap
# Possible reasons:
#   The system is out of physical RAM or swap space
#   In 32 bit mode, the process size limit was hit
# Possible solutions:
#   Reduce memory load on the system
#   Increase physical memory or swap space
#   Check if swap backing store is full
#   Use 64 bit Java on a 64 bit OS
#   Decrease Java heap size (-Xmx/-Xms)
#   Decrease number of Java threads
#   Decrease Java thread stack sizes (-Xss)
#   Set larger code cache with -XX:ReservedCodeCacheSize=
# This output file may be truncated or incomplete.
#
#  Out of Memory Error (memory/allocation.inline.hpp:61), pid=16708, tid=0x00000000000058ac
#
# JRE version:  (8.0_191-b12) (build )
# Java VM: Java HotSpot(TM) 64-Bit Server VM (25.191-b12 mixed mode windows-amd64 compressed oops)
# Failed to write core dump. Minidumps are not enabled by default on client versions of Windows
#

---------------  T H R E A D  ---------------

Current thread (0x0000000005485000):  JavaThread "Unknown thread" [_thread_in_vm, id=22700, stack(0x0000000004d70000,0x0000000004e70000)]

Stack: [0x0000000004d70000,0x0000000004e70000]
[error occurred during error reporting (printing stack bounds), id 0xc0000005]

Native frames: (J=compiled Java code, j=interpreted, Vv=VM code, C=native code)


---------------  P R O C E S S  ---------------

Java Threads: ( => current thread )

Other Threads:

=>0x0000000005485000 (exited) JavaThread "Unknown thread" [_thread_in_vm, id=22700, stack(0x0000000004d70000,0x0000000004e70000)]

VM state:not at safepoint (normal execution)

VM Mutex/Monitor currently owned by a thread: None

Heap:
 PSYoungGen      total 38400K, used 665K [0x00000000d5d80000, 0x00000000d8800000, 0x0000000100000000)
  eden space 33280K, 2% used [0x00000000d5d80000,0x00000000d5e26670,0x00000000d7e00000)
  from space 5120K, 0% used [0x00000000d8300000,0x00000000d8300000,0x00000000d8800000)
  to   space 5120K, 0% used [0x00000000d7e00000,0x00000000d7e00000,0x00000000d8300000)
 ParOldGen       total 87552K, used 0K [0x0000000081800000, 0x0000000086d80000, 0x00000000d5d80000)
  object space 87552K, 0% used [0x0000000081800000,0x0000000081800000,0x0000000086d80000)
 Metaspace       used 786K, capacity 4480K, committed 4480K, reserved 1056768K
  class space    used 76K, capacity 384K, committed 384K, reserved 1048576K

Card table byte_map: [0x0000000014940000,0x0000000014d40000] byte_map_base: 0x0000000014534000

Marking Bits: (ParMarkBitMap*) 0x000000005fc93e30
 Begin Bits: [0x00000000153f0000, 0x0000000017390000)
 End Bits:   [0x0000000017390000, 0x0000000019330000)

Polling page: 0x00000000034b0000

CodeCache: size=245760Kb used=328Kb max_used=328Kb free=245431Kb
 bounds [0x0000000005580000, 0x00000000057f0000, 0x0000000014580000]
 total_blobs=58 nmethods=0 adapters=38
 compilation: enabled

Compilation events (0 events):
No events

GC Heap History (0 events):
No events

Deoptimization events (0 events):
No events

Classes redefined (0 events):
No events

Internal exceptions (0 events):
No events

Events (10 events):
Event: 0.062 loading class java/lang/Short
Event: 0.062 loading class java/lang/Short done
Event: 0.062 loading class java/lang/Integer
Event: 0.063 loading class java/lang/Integer done
Event: 0.063 loading class java/lang/Long
Event: 0.063 loading class java/lang/Long done
Event: 0.064 loading class java/lang/NullPointerException
Event: 0.064 loading class java/lang/NullPointerException done
Event: 0.064 loading class java/lang/ArithmeticException
Event: 0.064 loading class java/lang/ArithmeticException done


Dynamic libraries:
0x00007ff66cce0000 - 0x00007ff66cd17000 	D:\Program Files\java\bin\java.exe
0x00007ffcb4ea0000 - 0x00007ffcb5080000 	C:\WINDOWS\SYSTEM32\ntdll.dll
0x00007ffcb4450000 - 0x00007ffcb44fe000 	C:\WINDOWS\System32\KERNEL32.DLL
0x00007ffcb1500000 - 0x00007ffcb1766000 	C:\WINDOWS\System32\KERNELBASE.dll
0x00007ffcb4dc0000 - 0x00007ffcb4e61000 	C:\WINDOWS\System32\ADVAPI32.dll
0x00007ffcb2b00000 - 0x00007ffcb2b9d000 	C:\WINDOWS\System32\msvcrt.dll
0x00007ffcb2820000 - 0x00007ffcb287b000 	C:\WINDOWS\System32\sechost.dll
0x00007ffcb4aa0000 - 0x00007ffcb4bbf000 	C:\WINDOWS\System32\RPCRT4.dll
0x00007ffcb4500000 - 0x00007ffcb468f000 	C:\WINDOWS\System32\USER32.dll
0x00007ffcb12a0000 - 0x00007ffcb12c0000 	C:\WINDOWS\System32\win32u.dll
0x00007ffcb48f0000 - 0x00007ffcb4918000 	C:\WINDOWS\System32\GDI32.dll
0x00007ffcb1360000 - 0x00007ffcb14f3000 	C:\WINDOWS\System32\gdi32full.dll
0x00007ffcb12c0000 - 0x00007ffcb135b000 	C:\WINDOWS\System32\msvcp_win.dll
0x00007ffcb1ec0000 - 0x00007ffcb1fb5000 	C:\WINDOWS\System32\ucrtbase.dll
0x00007ffc9b3a0000 - 0x00007ffc9b609000 	C:\WINDOWS\WinSxS\amd64_microsoft.windows.common-controls_6595b64144ccf1df_6.0.16299.726_none_15ccdb369361144a\COMCTL32.dll
0x00007ffcb3fe0000 - 0x00007ffcb42e7000 	C:\WINDOWS\System32\combase.dll
0x00007ffcb2010000 - 0x00007ffcb2082000 	C:\WINDOWS\System32\bcryptPrimitives.dll
0x00007ffcb48c0000 - 0x00007ffcb48ed000 	C:\WINDOWS\System32\IMM32.DLL
0x00000000606b0000 - 0x0000000060782000 	D:\Program Files\java\jre\bin\msvcr100.dll
0x000000005f470000 - 0x000000005fd14000 	D:\Program Files\java\jre\bin\server\jvm.dll
0x00007ffcb4920000 - 0x00007ffcb4928000 	C:\WINDOWS\System32\PSAPI.DLL
0x00007ffcadd90000 - 0x00007ffcadd99000 	C:\WINDOWS\SYSTEM32\WSOCK32.dll
0x00007ffcb47c0000 - 0x00007ffcb482c000 	C:\WINDOWS\System32\WS2_32.dll
0x00007ffcaedc0000 - 0x00007ffcaede3000 	C:\WINDOWS\SYSTEM32\WINMM.dll
0x00007ffca3ee0000 - 0x00007ffca3eea000 	C:\WINDOWS\SYSTEM32\VERSION.dll
0x00007ffcaed90000 - 0x00007ffcaedba000 	C:\WINDOWS\SYSTEM32\WINMMBASE.dll
0x00007ffcb1fc0000 - 0x00007ffcb200a000 	C:\WINDOWS\System32\cfgmgr32.dll
0x00000000606a0000 - 0x00000000606af000 	D:\Program Files\java\jre\bin\verify.dll
0x0000000060670000 - 0x0000000060699000 	D:\Program Files\java\jre\bin\java.dll
0x000000005f390000 - 0x000000005f3c5000 	D:\Program Files\java\jre\bin\jdwp.dll
0x000000005f380000 - 0x000000005f388000 	D:\Program Files\java\jre\bin\npt.dll
0x000000005f440000 - 0x000000005f463000 	D:\Program Files\java\jre\bin\instrument.dll
0x0000000060650000 - 0x0000000060666000 	D:\Program Files\java\jre\bin\zip.dll

VM Arguments:
jvm_args: -agentlib:jdwp=transport=dt_socket,address=127.0.0.1:55874,suspend=y,server=n -javaagent:C:\Users\74599\.IntelliJIdea2018.2\system\captureAgent\debugger-agent.jar=file:/C:/Users/74599/AppData/Local/Temp/capture.props -Dfile.encoding=UTF-8 
java_command: com.example.WebService.test.WebServiceTest
java_class_path (initial): D:\Program Files\java\jre\lib\charsets.jar;D:\Program Files\java\jre\lib\deploy.jar;D:\Program Files\java\jre\lib\ext\access-bridge-64.jar;D:\Program Files\java\jre\lib\ext\cldrdata.jar;D:\Program Files\java\jre\lib\ext\dnsns.jar;D:\Program Files\java\jre\lib\ext\jaccess.jar;D:\Program Files\java\jre\lib\ext\jfxrt.jar;D:\Program Files\java\jre\lib\ext\localedata.jar;D:\Program Files\java\jre\lib\ext\nashorn.jar;D:\Program Files\java\jre\lib\ext\sunec.jar;D:\Program Files\java\jre\lib\ext\sunjce_provider.jar;D:\Program Files\java\jre\lib\ext\sunmscapi.jar;D:\Program Files\java\jre\lib\ext\sunpkcs11.jar;D:\Program Files\java\jre\lib\ext\zipfs.jar;D:\Program Files\java\jre\lib\javaws.jar;D:\Program Files\java\jre\lib\jce.jar;D:\Program Files\java\jre\lib\jfr.jar;D:\Program Files\java\jre\lib\jfxswt.jar;D:\Program Files\java\jre\lib\jsse.jar;D:\Program Files\java\jre\lib\management-agent.jar;D:\Program Files\java\jre\lib\plugin.jar;D:\Program Files\java\jre\lib\resources.jar;D:\Program Files\java\jre\lib\rt.jar;D:\IDEA Project\WebService\target\classes;C:\Users\74599\.m2\repository\org\springframework\boot\spring-boot-starter-web\2.1.0.RELEASE\spring-boot-starter-web-2.1.0.RELEASE.jar;C:\Users\74599\.m2\repository\org\springframework\boot\spring-boot-starter\2.1.0.RELEASE\spring-boot-starter-2.1.0.RELEASE.jar;C:\Users\74599\.m2\repository\org\springframework\boot\spring-boot\2.1.0.RELEASE\spring-boot-2.1.0.RELEASE.jar;C:\Users\74599\.m2\repository\org\springframework\boot\spring-boot-autoconfigure\2.1.0.RELEASE\spring-boot-autoconfigure-2.1.0.RELEASE.jar;C:\Users\74599\.m2\repository\org\springframework\boot\spring-boot-starter-logging\2.1.0.RELEASE\spring-boot-starter-logging-2.1.0.RELEASE.jar;C:\Users\74599\.m2\repository\ch\qos\logback\logback-classic\1.2.3\logback-classic-1.2.3.jar;C:\Users\74599\.m2\repository\ch\qos\logback\logback-core\1.2.3\logback-core-1.2.3.jar;C:\Users\74599\.m2\repository\org\apache\logging\log4j\log4j-to-slf4j\2
Launcher Type: SUN_STANDARD

Environment Variables:
JAVA_HOME=D:\Program Files\java
PATH=C:\app\74599\product\11.2.0\dbhome_2\bin;D:\app\74599\virtual\product\12.2.0\dbhome_1\bin;C:\Program Files (x86)\Common Files\Oracle\Java\javapath;C:\WINDOWS\system32;C:\WINDOWS;C:\WINDOWS\System32\Wbem;C:\WINDOWS\System32\WindowsPowerShell\v1.0\;D:\Program Files\Git\cmd;C:\Program Files (x86)\Microsoft SQL Server\100\Tools\Binn\;C:\Program Files\Microsoft SQL Server\100\Tools\Binn\;C:\Program Files\Microsoft SQL Server\100\DTS\Binn\;D:\Program Files\java\bin;D:\Program Files\java\jre\bin;C:\Users\74599\AppData\Local\Microsoft\WindowsApps;C:\Users\74599\AppData\Local\atom\bin;D:\Program Files\Git\cmd\git.exe;
USERNAME=74599
OS=Windows_NT
PROCESSOR_IDENTIFIER=Intel64 Family 6 Model 61 Stepping 4, GenuineIntel



---------------  S Y S T E M  ---------------

OS: Windows 10.0 , 64 bit Build 16299 (10.0.16299.431)

CPU:total 4 (initial active 4) (2 cores per cpu, 2 threads per core) family 6 model 61 stepping 4, cmov, cx8, fxsr, mmx, sse, sse2, sse3, ssse3, sse4.1, sse4.2, popcnt, avx, avx2, aes, clmul, erms, 3dnowpref, lzcnt, ht, tsc, tscinvbit, bmi1, bmi2, adx

Memory: 4k page, physical 8288672k(2060828k free), swap 8288672k(6112k free)

vm_info: Java HotSpot(TM) 64-Bit Server VM (25.191-b12) for windows-amd64 JRE (1.8.0_191-b12), built on Oct  6 2018 09:29:03 by "java_re" with MS VC++ 10.0 (VS2010)

time: Wed Nov 07 09:03:33 2018
elapsed time: 0 seconds (0d 0h 0m 0s)

